{
  "RSpec": {
    "coverage": {
      "/Users/himanshuchangwal/bank_system/config/environment.rb": [
        null,
        1,
        null,
        null,
        1
      ],
      "/Users/himanshuchangwal/bank_system/config/application.rb": [
        1,
        null,
        1,
        null,
        null,
        null,
        1,
        null,
        1,
        1,
        null,
        null,
        null,
        null,
        null,
        null,
        null,
        null,
        null,
        null,
        null,
        null,
        null,
        1,
        null,
        null
      ],
      "/Users/himanshuchangwal/bank_system/config/boot.rb": [
        1,
        null,
        1
      ],
      "/Users/himanshuchangwal/bank_system/config/environments/test.rb": [
        1,
        null,
        null,
        null,
        null,
        null,
        null,
        1,
        null,
        null,
        null,
        null,
        1,
        null,
        null,
        1,
        1,
        null,
        null,
        1,
        1,
        null,
        null,
        1,
        null,
        null,
        1,
        null,
        null,
        null,
        null,
        1,
        null,
        null,
        1,
        null,
        null,
        1,
        null,
        null,
        null,
        null
      ],
      "/Users/himanshuchangwal/bank_system/config/initializers/assets.rb": [
        null,
        null,
        null,
        1,
        null,
        null,
        null,
        null,
        null,
        null,
        null
      ],
      "/Users/himanshuchangwal/bank_system/config/initializers/backtrace_silencers.rb": [
        null,
        null,
        null,
        null,
        null,
        null,
        null
      ],
      "/Users/himanshuchangwal/bank_system/config/initializers/cookies_serializer.rb": [
        null,
        null,
        1
      ],
      "/Users/himanshuchangwal/bank_system/config/initializers/filter_parameter_logging.rb": [
        null,
        null,
        null,
        1
      ],
      "/Users/himanshuchangwal/bank_system/config/initializers/inflections.rb": [
        null,
        null,
        null,
        null,
        null,
        null,
        null,
        null,
        null,
        null,
        null,
        null,
        null,
        null,
        null,
        null
      ],
      "/Users/himanshuchangwal/bank_system/config/initializers/mime_types.rb": [
        null,
        null,
        null,
        null
      ],
      "/Users/himanshuchangwal/bank_system/config/initializers/session_store.rb": [
        null,
        null,
        1
      ],
      "/Users/himanshuchangwal/bank_system/config/initializers/to_time_preserves_timezone.rb": [
        null,
        null,
        null,
        null,
        null,
        null,
        null,
        null,
        null,
        1
      ],
      "/Users/himanshuchangwal/bank_system/config/initializers/wrap_parameters.rb": [
        null,
        null,
        null,
        null,
        null,
        null,
        1,
        1,
        null,
        null,
        null,
        null,
        null,
        null
      ],
      "/Users/himanshuchangwal/bank_system/spec/factories/accounts.rb": [
        1,
        1,
        1,
        88,
        88,
        90,
        92,
        null,
        null
      ],
      "/Users/himanshuchangwal/bank_system/spec/factories/loans.rb": [
        1,
        1,
        1,
        1,
        22,
        26,
        null,
        null
      ],
      "/Users/himanshuchangwal/bank_system/spec/factories/lockers.rb": [
        1,
        1,
        1,
        110,
        null,
        null
      ],
      "/Users/himanshuchangwal/bank_system/spec/factories/transactions.rb": [
        1,
        1,
        1,
        23,
        1,
        23,
        23,
        null,
        null
      ],
      "/Users/himanshuchangwal/bank_system/spec/factories/users.rb": [
        1,
        1,
        1,
        119,
        119,
        119,
        117,
        null,
        null,
        1,
        1,
        null,
        null
      ],
      "/Users/himanshuchangwal/bank_system/config/routes.rb": [
        1,
        1,
        1,
        1,
        1,
        1,
        null
      ],
      "/Users/himanshuchangwal/bank_system/app/helpers/application_helper.rb": [
        1,
        null
      ],
      "/Users/himanshuchangwal/bank_system/app/controllers/accounts_controller.rb": [
        1,
        1,
        1,
        1,
        1,
        2,
        1,
        null,
        null,
        null,
        1,
        1,
        1,
        2,
        1,
        null,
        null,
        null,
        1,
        2,
        2,
        1,
        2,
        1,
        null,
        1,
        1,
        2,
        1,
        null,
        null,
        null,
        null,
        1,
        2,
        2,
        1,
        2,
        1,
        null,
        null,
        1,
        1,
        2,
        1,
        null,
        null,
        null,
        null,
        1,
        3,
        3,
        1,
        1,
        2,
        1,
        null,
        2,
        2,
        null,
        null,
        null,
        1,
        3,
        2,
        1,
        1,
        2,
        null,
        null,
        1,
        1,
        2,
        1,
        null,
        null,
        null,
        1,
        1,
        2,
        1,
        null,
        null,
        null,
        1,
        3,
        3,
        1,
        1,
        2,
        1,
        null,
        2,
        2,
        null,
        null,
        null,
        1,
        null,
        1,
        4,
        null,
        null
      ],
      "/Users/himanshuchangwal/bank_system/app/controllers/application_controller.rb": [
        1,
        null,
        null,
        1,
        null
      ],
      "/Users/himanshuchangwal/bank_system/spec/controllers/loans_controller_spec.rb": [
        1,
        1,
        1,
        1,
        1,
        1,
        1,
        null,
        1,
        1,
        1,
        1,
        null,
        1,
        1,
        1,
        1,
        null,
        1,
        1,
        1,
        1,
        1,
        null,
        1,
        1,
        1,
        1,
        null,
        1,
        1,
        1,
        1,
        null,
        null,
        null,
        1,
        1,
        1,
        1,
        1,
        1,
        null,
        1,
        1,
        1,
        1,
        null,
        null,
        null,
        1,
        1,
        1,
        1,
        1,
        1,
        null,
        1,
        1,
        1,
        1,
        1,
        null,
        1,
        1,
        1,
        1,
        1,
        null,
        null,
        null,
        1,
        1,
        1,
        1,
        1,
        null,
        1,
        1,
        1,
        1,
        null,
        1,
        1,
        1,
        1,
        null,
        null,
        null
      ],
      "/Users/himanshuchangwal/bank_system/app/controllers/loans_controller.rb": [
        1,
        1,
        1,
        2,
        2,
        1,
        2,
        1,
        null,
        1,
        1,
        2,
        1,
        null,
        null,
        null,
        null,
        1,
        1,
        1,
        1,
        2,
        1,
        null,
        null,
        null,
        1,
        2,
        2,
        1,
        1,
        2,
        null,
        null,
        1,
        1,
        1,
        2,
        null,
        null,
        null,
        null,
        1,
        3,
        3,
        1,
        2,
        1,
        null,
        2,
        2,
        null,
        null,
        null,
        1,
        3,
        2,
        1,
        1,
        2,
        null,
        null,
        1,
        1,
        2,
        1,
        null,
        null,
        null,
        1,
        1,
        2,
        1,
        null,
        null,
        null,
        1,
        3,
        3,
        1,
        1,
        2,
        1,
        null,
        2,
        2,
        null,
        null,
        null,
        1,
        null,
        1,
        4,
        null,
        null
      ],
      "/Users/himanshuchangwal/bank_system/spec/controllers/lockers_controller_spec.rb": [
        1,
        1,
        1,
        1,
        1,
        1,
        1,
        null,
        1,
        1,
        1,
        1,
        null,
        1,
        1,
        1,
        1,
        null,
        1,
        1,
        1,
        1,
        null,
        1,
        1,
        1,
        1,
        null,
        1,
        1,
        1,
        1,
        null,
        1,
        1,
        1,
        1,
        null,
        null,
        null,
        1,
        1,
        1,
        1,
        1,
        null,
        1,
        1,
        1,
        null,
        null,
        null,
        1,
        1,
        1,
        1,
        1,
        null,
        1,
        1,
        1,
        1,
        null,
        1,
        1,
        1,
        1,
        null,
        null,
        null,
        1,
        1,
        1,
        1,
        1,
        null,
        1,
        1,
        1,
        1,
        null,
        1,
        1,
        1,
        1,
        null,
        null,
        null
      ],
      "/Users/himanshuchangwal/bank_system/app/controllers/lockers_controller.rb": [
        1,
        1,
        1,
        1,
        1,
        2,
        1,
        null,
        null,
        null,
        1,
        1,
        1,
        2,
        1,
        null,
        null,
        null,
        1,
        2,
        2,
        1,
        2,
        1,
        null,
        1,
        1,
        2,
        1,
        null,
        null,
        null,
        null,
        1,
        2,
        2,
        1,
        1,
        2,
        null,
        null,
        1,
        1,
        2,
        1,
        null,
        null,
        null,
        null,
        1,
        3,
        3,
        1,
        2,
        1,
        null,
        2,
        2,
        null,
        null,
        null,
        1,
        3,
        2,
        1,
        1,
        2,
        null,
        null,
        1,
        1,
        2,
        1,
        null,
        null,
        null,
        1,
        1,
        null,
        null,
        1,
        3,
        3,
        1,
        1,
        1,
        2,
        null,
        2,
        2,
        null,
        null,
        null,
        1,
        null,
        1,
        4,
        null,
        null
      ],
      "/Users/himanshuchangwal/bank_system/spec/controllers/transactions_controller_spec.rb": [
        1,
        1,
        1,
        1,
        1,
        1,
        1,
        null,
        1,
        1,
        1,
        1,
        null,
        null,
        null,
        1,
        1,
        1,
        1,
        1,
        1,
        null,
        1,
        1,
        1,
        1,
        1,
        null,
        1,
        1,
        1,
        1,
        1,
        null,
        1,
        1,
        1,
        1,
        null,
        null,
        null,
        1,
        1,
        1,
        1,
        1,
        1,
        null,
        1,
        1,
        1,
        1,
        1,
        null,
        1,
        1,
        1,
        1,
        1,
        null,
        null,
        null,
        1,
        1,
        1,
        1,
        1,
        null,
        1,
        1,
        1,
        1,
        null,
        null,
        null
      ],
      "/Users/himanshuchangwal/bank_system/app/controllers/transactions_controller.rb": [
        1,
        1,
        1,
        4,
        4,
        3,
        2,
        2,
        2,
        4,
        2,
        null,
        1,
        1,
        1,
        1,
        2,
        1,
        null,
        null,
        null,
        1,
        1,
        2,
        1,
        null,
        null,
        null,
        1,
        6,
        6,
        2,
        2,
        4,
        2,
        2,
        null,
        null,
        null,
        null,
        null,
        1,
        2,
        2,
        1,
        2,
        1,
        null,
        1,
        1,
        null,
        null,
        null,
        1,
        3,
        2,
        1,
        null,
        1,
        null,
        null,
        1,
        null,
        null,
        1,
        2,
        2,
        1,
        1,
        2,
        1,
        null,
        1,
        1,
        null,
        null,
        null,
        1,
        null,
        1,
        6,
        null,
        null
      ],
      "/Users/himanshuchangwal/bank_system/spec/controllers/users_controller_spec.rb": [
        1,
        1,
        1,
        1,
        1,
        1,
        1,
        null,
        1,
        1,
        1,
        1,
        null,
        1,
        1,
        1,
        1,
        null,
        1,
        1,
        1,
        1,
        null,
        1,
        1,
        1,
        1,
        null,
        1,
        1,
        1,
        1,
        null,
        1,
        1,
        1,
        1,
        null,
        null,
        null,
        1,
        1,
        1,
        1,
        1,
        null,
        1,
        1,
        1,
        null,
        null,
        null,
        1,
        1,
        1,
        1,
        1,
        null,
        1,
        1,
        1,
        1,
        null,
        1,
        1,
        1,
        1,
        null,
        null,
        null,
        1,
        1,
        1,
        1,
        1,
        null,
        1,
        1,
        1,
        1,
        null,
        1,
        1,
        1,
        1,
        null,
        null,
        null
      ],
      "/Users/himanshuchangwal/bank_system/app/controllers/users_controller.rb": [
        1,
        1,
        1,
        1,
        1,
        2,
        1,
        null,
        null,
        null,
        1,
        1,
        1,
        2,
        1,
        null,
        null,
        null,
        1,
        2,
        2,
        1,
        2,
        1,
        null,
        1,
        1,
        2,
        1,
        null,
        null,
        null,
        null,
        1,
        2,
        2,
        1,
        1,
        2,
        null,
        null,
        1,
        2,
        1,
        null,
        null,
        null,
        null,
        1,
        3,
        3,
        1,
        2,
        1,
        null,
        2,
        2,
        null,
        null,
        null,
        1,
        3,
        2,
        1,
        1,
        2,
        null,
        null,
        1,
        2,
        1,
        null,
        null,
        null,
        1,
        null,
        null,
        1,
        3,
        3,
        1,
        1,
        1,
        2,
        null,
        2,
        2,
        null,
        null,
        null,
        1,
        null,
        1,
        2,
        null,
        null
      ],
      "/Users/himanshuchangwal/bank_system/spec/models/account_spec.rb": [
        1,
        1,
        1,
        1,
        1,
        null,
        null,
        null,
        1,
        1,
        1,
        null,
        1,
        1,
        null,
        1,
        1,
        null,
        1,
        1,
        null,
        1,
        1,
        null,
        1,
        1,
        null,
        1,
        1,
        null,
        1,
        1,
        null,
        1,
        1,
        null,
        1,
        1,
        null,
        null,
        null,
        1,
        1,
        1,
        1,
        1,
        null,
        1,
        1,
        1,
        1,
        null,
        1,
        1,
        1,
        1,
        1,
        null,
        1,
        1,
        1,
        1,
        1,
        null,
        null,
        null
      ],
      "/Users/himanshuchangwal/bank_system/app/models/account.rb": [
        1,
        1,
        1,
        1,
        1,
        1,
        1,
        1,
        null
      ],
      "/Users/himanshuchangwal/bank_system/spec/models/loan_spec.rb": [
        1,
        1,
        1,
        1,
        1,
        null,
        null,
        null,
        1,
        1,
        1,
        null,
        1,
        1,
        null,
        1,
        1,
        null,
        1,
        1,
        null,
        1,
        1,
        null,
        1,
        1,
        null,
        1,
        1,
        null,
        1,
        1,
        null,
        1,
        1,
        null,
        1,
        1,
        null,
        1,
        1,
        null,
        null,
        null,
        1,
        1,
        1,
        1,
        1,
        null,
        null,
        null
      ],
      "/Users/himanshuchangwal/bank_system/app/models/loan.rb": [
        1,
        1,
        1,
        1,
        1,
        null
      ],
      "/Users/himanshuchangwal/bank_system/spec/models/locker_spec.rb": [
        1,
        1,
        1,
        1,
        1,
        null,
        null,
        null,
        1,
        1,
        1,
        null,
        1,
        1,
        null,
        1,
        1,
        null,
        1,
        1,
        null,
        1,
        1,
        null,
        1,
        1,
        null,
        null,
        null
      ],
      "/Users/himanshuchangwal/bank_system/app/models/locker.rb": [
        1,
        1,
        1,
        1,
        null
      ],
      "/Users/himanshuchangwal/bank_system/spec/models/transaction_spec.rb": [
        1,
        1,
        1,
        1,
        1,
        null,
        null,
        null,
        1,
        1,
        1,
        null,
        1,
        1,
        null,
        1,
        1,
        null,
        1,
        1,
        null,
        1,
        1,
        null,
        1,
        1,
        null,
        1,
        1,
        null,
        1,
        1,
        null,
        1,
        1,
        null,
        1,
        1,
        null,
        1,
        1,
        null,
        null,
        null,
        1,
        1,
        1,
        1,
        1,
        null,
        null,
        null
      ],
      "/Users/himanshuchangwal/bank_system/app/models/transaction.rb": [
        1,
        1,
        1,
        1,
        1,
        1,
        null
      ],
      "/Users/himanshuchangwal/bank_system/spec/models/user_spec.rb": [
        1,
        1,
        1,
        1,
        1,
        null,
        null,
        null,
        1,
        1,
        1,
        null,
        1,
        1,
        null,
        1,
        1,
        null,
        1,
        1,
        null,
        1,
        1,
        null,
        1,
        1,
        null,
        1,
        1,
        null,
        1,
        1,
        null,
        1,
        1,
        null,
        1,
        1,
        null,
        1,
        1,
        null,
        1,
        1,
        null,
        1,
        1,
        null,
        1,
        1,
        null,
        null,
        null,
        1,
        1,
        1,
        1,
        1,
        1,
        null,
        null,
        null
      ],
      "/Users/himanshuchangwal/bank_system/app/models/user.rb": [
        1,
        1,
        1,
        1,
        1,
        1,
        null
      ]
    },
    "timestamp": 1516266034
  }
}
